{"D:\\Devops\\personal-finance-tracker09-02-2026\\backend\\server.js": {"path":"D:\\Devops\\personal-finance-tracker09-02-2026\\backend\\server.js","statementMap":{"0":{"start":{"line":1,"column":16},"end":{"line":1,"column":34}},"1":{"start":{"line":2,"column":12},"end":{"line":2,"column":21}},"2":{"start":{"line":3,"column":13},"end":{"line":3,"column":37}},"3":{"start":{"line":6,"column":0},"end":{"line":6,"column":24}},"4":{"start":{"line":9,"column":0},"end":{"line":16,"column":3}},"5":{"start":{"line":10,"column":2},"end":{"line":10,"column":49}},"6":{"start":{"line":11,"column":2},"end":{"line":14,"column":4}},"7":{"start":{"line":15,"column":2},"end":{"line":15,"column":9}},"8":{"start":{"line":21,"column":15},"end":{"line":21,"column":17}},"9":{"start":{"line":22,"column":14},"end":{"line":22,"column":16}},"10":{"start":{"line":27,"column":0},"end":{"line":36,"column":3}},"11":{"start":{"line":28,"column":22},"end":{"line":28,"column":73}},"12":{"start":{"line":28,"column":52},"end":{"line":28,"column":69}},"13":{"start":{"line":29,"column":24},"end":{"line":29,"column":76}},"14":{"start":{"line":29,"column":55},"end":{"line":29,"column":72}},"15":{"start":{"line":31,"column":2},"end":{"line":35,"column":5}},"16":{"start":{"line":43,"column":0},"end":{"line":58,"column":3}},"17":{"start":{"line":44,"column":28},"end":{"line":44,"column":36}},"18":{"start":{"line":46,"column":2},"end":{"line":48,"column":3}},"19":{"start":{"line":47,"column":4},"end":{"line":47,"column":74}},"20":{"start":{"line":50,"column":21},"end":{"line":54,"column":3}},"21":{"start":{"line":56,"column":2},"end":{"line":56,"column":28}},"22":{"start":{"line":57,"column":2},"end":{"line":57,"column":35}},"23":{"start":{"line":61,"column":0},"end":{"line":63,"column":3}},"24":{"start":{"line":62,"column":2},"end":{"line":62,"column":33}},"25":{"start":{"line":70,"column":0},"end":{"line":85,"column":3}},"26":{"start":{"line":71,"column":29},"end":{"line":71,"column":37}},"27":{"start":{"line":73,"column":2},"end":{"line":75,"column":3}},"28":{"start":{"line":74,"column":4},"end":{"line":74,"column":75}},"29":{"start":{"line":77,"column":20},"end":{"line":81,"column":3}},"30":{"start":{"line":83,"column":2},"end":{"line":83,"column":26}},"31":{"start":{"line":84,"column":2},"end":{"line":84,"column":34}},"32":{"start":{"line":88,"column":0},"end":{"line":90,"column":3}},"33":{"start":{"line":89,"column":2},"end":{"line":89,"column":32}},"34":{"start":{"line":95,"column":0},"end":{"line":95,"column":21}},"35":{"start":{"line":98,"column":0},"end":{"line":102,"column":1}},"36":{"start":{"line":99,"column":2},"end":{"line":101,"column":5}},"37":{"start":{"line":100,"column":4},"end":{"line":100,"column":62}}},"fnMap":{"0":{"name":"(anonymous_0)","decl":{"start":{"line":9,"column":8},"end":{"line":9,"column":9}},"loc":{"start":{"line":9,"column":28},"end":{"line":16,"column":1}},"line":9},"1":{"name":"(anonymous_1)","decl":{"start":{"line":27,"column":26},"end":{"line":27,"column":27}},"loc":{"start":{"line":27,"column":40},"end":{"line":36,"column":1}},"line":27},"2":{"name":"(anonymous_2)","decl":{"start":{"line":28,"column":37},"end":{"line":28,"column":38}},"loc":{"start":{"line":28,"column":52},"end":{"line":28,"column":69}},"line":28},"3":{"name":"(anonymous_3)","decl":{"start":{"line":29,"column":40},"end":{"line":29,"column":41}},"loc":{"start":{"line":29,"column":55},"end":{"line":29,"column":72}},"line":29},"4":{"name":"(anonymous_4)","decl":{"start":{"line":43,"column":26},"end":{"line":43,"column":27}},"loc":{"start":{"line":43,"column":40},"end":{"line":58,"column":1}},"line":43},"5":{"name":"(anonymous_5)","decl":{"start":{"line":61,"column":25},"end":{"line":61,"column":26}},"loc":{"start":{"line":61,"column":39},"end":{"line":63,"column":1}},"line":61},"6":{"name":"(anonymous_6)","decl":{"start":{"line":70,"column":24},"end":{"line":70,"column":25}},"loc":{"start":{"line":70,"column":38},"end":{"line":85,"column":1}},"line":70},"7":{"name":"(anonymous_7)","decl":{"start":{"line":88,"column":23},"end":{"line":88,"column":24}},"loc":{"start":{"line":88,"column":37},"end":{"line":90,"column":1}},"line":88},"8":{"name":"(anonymous_8)","decl":{"start":{"line":99,"column":19},"end":{"line":99,"column":20}},"loc":{"start":{"line":99,"column":25},"end":{"line":101,"column":3}},"line":99}},"branchMap":{"0":{"loc":{"start":{"line":3,"column":13},"end":{"line":3,"column":37}},"type":"binary-expr","locations":[{"start":{"line":3,"column":13},"end":{"line":3,"column":29}},{"start":{"line":3,"column":33},"end":{"line":3,"column":37}}],"line":3},"1":{"loc":{"start":{"line":46,"column":2},"end":{"line":48,"column":3}},"type":"if","locations":[{"start":{"line":46,"column":2},"end":{"line":48,"column":3}},{"start":{},"end":{}}],"line":46},"2":{"loc":{"start":{"line":46,"column":6},"end":{"line":46,"column":23}},"type":"binary-expr","locations":[{"start":{"line":46,"column":6},"end":{"line":46,"column":12}},{"start":{"line":46,"column":16},"end":{"line":46,"column":23}}],"line":46},"3":{"loc":{"start":{"line":73,"column":2},"end":{"line":75,"column":3}},"type":"if","locations":[{"start":{"line":73,"column":2},"end":{"line":75,"column":3}},{"start":{},"end":{}}],"line":73},"4":{"loc":{"start":{"line":73,"column":6},"end":{"line":73,"column":24}},"type":"binary-expr","locations":[{"start":{"line":73,"column":6},"end":{"line":73,"column":13}},{"start":{"line":73,"column":17},"end":{"line":73,"column":24}}],"line":73},"5":{"loc":{"start":{"line":98,"column":0},"end":{"line":102,"column":1}},"type":"if","locations":[{"start":{"line":98,"column":0},"end":{"line":102,"column":1}},{"start":{},"end":{}}],"line":98}},"s":{"0":1,"1":1,"2":1,"3":1,"4":1,"5":5,"6":5,"7":5,"8":1,"9":1,"10":1,"11":1,"12":0,"13":1,"14":0,"15":1,"16":1,"17":1,"18":1,"19":0,"20":1,"21":1,"22":1,"23":1,"24":1,"25":1,"26":1,"27":1,"28":0,"29":1,"30":1,"31":1,"32":1,"33":1,"34":1,"35":1,"36":0,"37":0},"f":{"0":5,"1":1,"2":0,"3":0,"4":1,"5":1,"6":1,"7":1,"8":0},"b":{"0":[1,1],"1":[0,1],"2":[1,1],"3":[0,1],"4":[1,1],"5":[0,1]},"_coverageSchema":"1a1c01bbd47fc00a2c39e90264f33305004495a9","hash":"10d29f128d5c0da7528c53a34936f71b93d927d8"}
}
