{"D:\\Devops\\personal-finance-tracker09-02-2026\\backend\\server.js": {"path":"D:\\Devops\\personal-finance-tracker09-02-2026\\backend\\server.js","statementMap":{"0":{"start":{"line":1,"column":16},"end":{"line":1,"column":34}},"1":{"start":{"line":2,"column":12},"end":{"line":2,"column":21}},"2":{"start":{"line":3,"column":13},"end":{"line":3,"column":37}},"3":{"start":{"line":6,"column":0},"end":{"line":6,"column":24}},"4":{"start":{"line":9,"column":0},"end":{"line":16,"column":3}},"5":{"start":{"line":10,"column":2},"end":{"line":10,"column":49}},"6":{"start":{"line":11,"column":2},"end":{"line":14,"column":4}},"7":{"start":{"line":15,"column":2},"end":{"line":15,"column":9}},"8":{"start":{"line":21,"column":15},"end":{"line":21,"column":17}},"9":{"start":{"line":22,"column":14},"end":{"line":22,"column":16}},"10":{"start":{"line":25,"column":18},"end":{"line":28,"column":1}},"11":{"start":{"line":26,"column":2},"end":{"line":26,"column":16}},"12":{"start":{"line":27,"column":2},"end":{"line":27,"column":15}},"13":{"start":{"line":33,"column":0},"end":{"line":42,"column":3}},"14":{"start":{"line":34,"column":22},"end":{"line":34,"column":73}},"15":{"start":{"line":34,"column":52},"end":{"line":34,"column":69}},"16":{"start":{"line":35,"column":24},"end":{"line":35,"column":76}},"17":{"start":{"line":35,"column":55},"end":{"line":35,"column":72}},"18":{"start":{"line":37,"column":2},"end":{"line":41,"column":5}},"19":{"start":{"line":49,"column":0},"end":{"line":64,"column":3}},"20":{"start":{"line":50,"column":28},"end":{"line":50,"column":36}},"21":{"start":{"line":52,"column":2},"end":{"line":54,"column":3}},"22":{"start":{"line":53,"column":4},"end":{"line":53,"column":74}},"23":{"start":{"line":56,"column":21},"end":{"line":60,"column":3}},"24":{"start":{"line":62,"column":2},"end":{"line":62,"column":28}},"25":{"start":{"line":63,"column":2},"end":{"line":63,"column":35}},"26":{"start":{"line":67,"column":0},"end":{"line":69,"column":3}},"27":{"start":{"line":68,"column":2},"end":{"line":68,"column":33}},"28":{"start":{"line":76,"column":0},"end":{"line":91,"column":3}},"29":{"start":{"line":77,"column":29},"end":{"line":77,"column":37}},"30":{"start":{"line":79,"column":2},"end":{"line":81,"column":3}},"31":{"start":{"line":80,"column":4},"end":{"line":80,"column":75}},"32":{"start":{"line":83,"column":20},"end":{"line":87,"column":3}},"33":{"start":{"line":89,"column":2},"end":{"line":89,"column":26}},"34":{"start":{"line":90,"column":2},"end":{"line":90,"column":34}},"35":{"start":{"line":94,"column":0},"end":{"line":96,"column":3}},"36":{"start":{"line":95,"column":2},"end":{"line":95,"column":32}},"37":{"start":{"line":101,"column":0},"end":{"line":101,"column":36}},"38":{"start":{"line":104,"column":0},"end":{"line":108,"column":1}},"39":{"start":{"line":105,"column":2},"end":{"line":107,"column":5}},"40":{"start":{"line":106,"column":4},"end":{"line":106,"column":62}}},"fnMap":{"0":{"name":"(anonymous_0)","decl":{"start":{"line":9,"column":8},"end":{"line":9,"column":9}},"loc":{"start":{"line":9,"column":28},"end":{"line":16,"column":1}},"line":9},"1":{"name":"(anonymous_1)","decl":{"start":{"line":25,"column":18},"end":{"line":25,"column":19}},"loc":{"start":{"line":25,"column":24},"end":{"line":28,"column":1}},"line":25},"2":{"name":"(anonymous_2)","decl":{"start":{"line":33,"column":26},"end":{"line":33,"column":27}},"loc":{"start":{"line":33,"column":40},"end":{"line":42,"column":1}},"line":33},"3":{"name":"(anonymous_3)","decl":{"start":{"line":34,"column":37},"end":{"line":34,"column":38}},"loc":{"start":{"line":34,"column":52},"end":{"line":34,"column":69}},"line":34},"4":{"name":"(anonymous_4)","decl":{"start":{"line":35,"column":40},"end":{"line":35,"column":41}},"loc":{"start":{"line":35,"column":55},"end":{"line":35,"column":72}},"line":35},"5":{"name":"(anonymous_5)","decl":{"start":{"line":49,"column":26},"end":{"line":49,"column":27}},"loc":{"start":{"line":49,"column":40},"end":{"line":64,"column":1}},"line":49},"6":{"name":"(anonymous_6)","decl":{"start":{"line":67,"column":25},"end":{"line":67,"column":26}},"loc":{"start":{"line":67,"column":39},"end":{"line":69,"column":1}},"line":67},"7":{"name":"(anonymous_7)","decl":{"start":{"line":76,"column":24},"end":{"line":76,"column":25}},"loc":{"start":{"line":76,"column":38},"end":{"line":91,"column":1}},"line":76},"8":{"name":"(anonymous_8)","decl":{"start":{"line":94,"column":23},"end":{"line":94,"column":24}},"loc":{"start":{"line":94,"column":37},"end":{"line":96,"column":1}},"line":94},"9":{"name":"(anonymous_9)","decl":{"start":{"line":105,"column":19},"end":{"line":105,"column":20}},"loc":{"start":{"line":105,"column":25},"end":{"line":107,"column":3}},"line":105}},"branchMap":{"0":{"loc":{"start":{"line":3,"column":13},"end":{"line":3,"column":37}},"type":"binary-expr","locations":[{"start":{"line":3,"column":13},"end":{"line":3,"column":29}},{"start":{"line":3,"column":33},"end":{"line":3,"column":37}}],"line":3},"1":{"loc":{"start":{"line":52,"column":2},"end":{"line":54,"column":3}},"type":"if","locations":[{"start":{"line":52,"column":2},"end":{"line":54,"column":3}},{"start":{},"end":{}}],"line":52},"2":{"loc":{"start":{"line":52,"column":6},"end":{"line":52,"column":36}},"type":"binary-expr","locations":[{"start":{"line":52,"column":6},"end":{"line":52,"column":12}},{"start":{"line":52,"column":16},"end":{"line":52,"column":36}}],"line":52},"3":{"loc":{"start":{"line":79,"column":2},"end":{"line":81,"column":3}},"type":"if","locations":[{"start":{"line":79,"column":2},"end":{"line":81,"column":3}},{"start":{},"end":{}}],"line":79},"4":{"loc":{"start":{"line":79,"column":6},"end":{"line":79,"column":37}},"type":"binary-expr","locations":[{"start":{"line":79,"column":6},"end":{"line":79,"column":13}},{"start":{"line":79,"column":17},"end":{"line":79,"column":37}}],"line":79},"5":{"loc":{"start":{"line":104,"column":0},"end":{"line":108,"column":1}},"type":"if","locations":[{"start":{"line":104,"column":0},"end":{"line":108,"column":1}},{"start":{},"end":{}}],"line":104}},"s":{"0":1,"1":1,"2":1,"3":1,"4":1,"5":5,"6":5,"7":5,"8":1,"9":1,"10":1,"11":3,"12":3,"13":1,"14":1,"15":0,"16":1,"17":0,"18":1,"19":1,"20":1,"21":1,"22":0,"23":1,"24":1,"25":1,"26":1,"27":1,"28":1,"29":1,"30":1,"31":0,"32":1,"33":1,"34":1,"35":1,"36":1,"37":1,"38":1,"39":0,"40":0},"f":{"0":5,"1":3,"2":1,"3":0,"4":0,"5":1,"6":1,"7":1,"8":1,"9":0},"b":{"0":[1,1],"1":[0,1],"2":[1,1],"3":[0,1],"4":[1,1],"5":[0,1]},"_coverageSchema":"1a1c01bbd47fc00a2c39e90264f33305004495a9","hash":"038119fe43e6ddaad64593183738140c5f9f9123"}
}
