TN:
SF:server.js
FN:9,(anonymous_0)
FN:27,(anonymous_1)
FN:28,(anonymous_2)
FN:29,(anonymous_3)
FN:43,(anonymous_4)
FN:61,(anonymous_5)
FN:70,(anonymous_6)
FN:88,(anonymous_7)
FN:99,(anonymous_8)
FNF:9
FNH:6
FNDA:5,(anonymous_0)
FNDA:1,(anonymous_1)
FNDA:0,(anonymous_2)
FNDA:0,(anonymous_3)
FNDA:1,(anonymous_4)
FNDA:1,(anonymous_5)
FNDA:1,(anonymous_6)
FNDA:1,(anonymous_7)
FNDA:0,(anonymous_8)
DA:1,1
DA:2,1
DA:3,1
DA:6,1
DA:9,1
DA:10,5
DA:11,5
DA:15,5
DA:21,1
DA:22,1
DA:27,1
DA:28,1
DA:29,1
DA:31,1
DA:43,1
DA:44,1
DA:46,1
DA:47,0
DA:50,1
DA:56,1
DA:57,1
DA:61,1
DA:62,1
DA:70,1
DA:71,1
DA:73,1
DA:74,0
DA:77,1
DA:83,1
DA:84,1
DA:88,1
DA:89,1
DA:95,1
DA:98,1
DA:99,0
DA:100,0
LF:36
LH:32
BRDA:3,0,0,1
BRDA:3,0,1,1
BRDA:46,1,0,0
BRDA:46,1,1,1
BRDA:46,2,0,1
BRDA:46,2,1,1
BRDA:73,3,0,0
BRDA:73,3,1,1
BRDA:73,4,0,1
BRDA:73,4,1,1
BRDA:98,5,0,0
BRDA:98,5,1,1
BRF:12
BRH:9
end_of_record
