TN:
SF:server.js
FN:9,(anonymous_0)
FN:25,(anonymous_1)
FN:33,(anonymous_2)
FN:34,(anonymous_3)
FN:35,(anonymous_4)
FN:49,(anonymous_5)
FN:67,(anonymous_6)
FN:76,(anonymous_7)
FN:94,(anonymous_8)
FN:105,(anonymous_9)
FNF:10
FNH:7
FNDA:5,(anonymous_0)
FNDA:3,(anonymous_1)
FNDA:1,(anonymous_2)
FNDA:0,(anonymous_3)
FNDA:0,(anonymous_4)
FNDA:1,(anonymous_5)
FNDA:1,(anonymous_6)
FNDA:1,(anonymous_7)
FNDA:1,(anonymous_8)
FNDA:0,(anonymous_9)
DA:1,1
DA:2,1
DA:3,1
DA:6,1
DA:9,1
DA:10,5
DA:11,5
DA:15,5
DA:21,1
DA:22,1
DA:25,1
DA:26,3
DA:27,3
DA:33,1
DA:34,1
DA:35,1
DA:37,1
DA:49,1
DA:50,1
DA:52,1
DA:53,0
DA:56,1
DA:62,1
DA:63,1
DA:67,1
DA:68,1
DA:76,1
DA:77,1
DA:79,1
DA:80,0
DA:83,1
DA:89,1
DA:90,1
DA:94,1
DA:95,1
DA:101,1
DA:104,1
DA:105,0
DA:106,0
LF:39
LH:35
BRDA:3,0,0,1
BRDA:3,0,1,1
BRDA:52,1,0,0
BRDA:52,1,1,1
BRDA:52,2,0,1
BRDA:52,2,1,1
BRDA:79,3,0,0
BRDA:79,3,1,1
BRDA:79,4,0,1
BRDA:79,4,1,1
BRDA:104,5,0,0
BRDA:104,5,1,1
BRF:12
BRH:9
end_of_record
