<?xml version="1.0" encoding="UTF-8"?>
<testsuites name="jest tests" tests="3" failures="0" errors="0" time="1.739">
  <testsuite name="Integration Tests - Personal Finance APIs" errors="0" failures="0" skipped="0" timestamp="2026-02-16T04:40:26" time="1.598" tests="3">
    <testcase classname="Integration Tests - Personal Finance APIs Dashboard API returns summary" name="Integration Tests - Personal Finance APIs Dashboard API returns summary" time="0.064">
    </testcase>
    <testcase classname="Integration Tests - Personal Finance APIs Create and fetch expense" name="Integration Tests - Personal Finance APIs Create and fetch expense" time="0.054">
    </testcase>
    <testcase classname="Integration Tests - Personal Finance APIs Create and fetch income" name="Integration Tests - Personal Finance APIs Create and fetch income" time="0.017">
    </testcase>
  </testsuite>
</testsuites>